<?xml version="1.0" encoding="UTF-8"?>
<robot generator="Robot 3.2.2 (Python 3.9.1 on win32)" generated="20210128 10:19:29.993" rpa="false">
<suite id="s1" name="JCPenney" source="C:\robotics\robot_workspace\JCPenney">
<suite id="s1-s1" name="Appium Suite" source="C:\robotics\robot_workspace\JCPenney\appium_suite">
<suite id="s1-s1-s1" name="Verify" source="C:\robotics\robot_workspace\JCPenney\appium_suite\Verify.robot">
<test id="s1-s1-s1-t1" name="TC1_ValidCredential">
<kw name="Open Application" library="AppiumLibrary">
<doc>Opens a new application to given Appium server.
Capabilities of appium server, Android and iOS,
Please check https://github.com/appium/appium/blob/master/docs/en/writing-running-appium/server-args.md
| *Option*            | *Man.* | *Description*     |
| remote_url          | Yes    | Appium server url |
| alias               | no     | alias             |</doc>
<arguments>
<arg>http://localhost:4723/wd/hub</arg>
<arg>platformName=android</arg>
<arg>deviceName=samsung</arg>
<arg>appPackage=com.jcp</arg>
<arg>appActivity=com.jcpenney.activities.StartupActivity</arg>
<arg>noReset=True</arg>
</arguments>
<status status="PASS" starttime="20210128 10:19:30.343" endtime="20210128 10:19:46.586"></status>
</kw>
<kw name="Set Appium Timeout" library="AppiumLibrary">
<doc>Sets the timeout in seconds used by various keywords.</doc>
<arguments>
<arg>30s</arg>
</arguments>
<status status="PASS" starttime="20210128 10:19:46.586" endtime="20210128 10:19:46.587"></status>
</kw>
<kw name="Wait Until Page Contains" library="AppiumLibrary">
<doc>Waits until `text` appears on current page.</doc>
<arguments>
<arg>Sign In</arg>
</arguments>
<status status="PASS" starttime="20210128 10:19:46.588" endtime="20210128 10:20:02.453"></status>
</kw>
<kw name="Run Keyword And Ignore Error" library="BuiltIn">
<doc>Runs the given keyword with the given arguments and ignores possible error.</doc>
<arguments>
<arg>Click Element</arg>
<arg>//*[contains(@text='Allow all the time')]</arg>
</arguments>
<kw name="Click Element" library="AppiumLibrary">
<doc>Click element identified by `locator`.</doc>
<arguments>
<arg>//*[contains(@text='Allow all the time')]</arg>
</arguments>
<msg timestamp="20210128 10:20:02.456" level="INFO">Clicking element '//*[contains(@text='Allow all the time')]'.</msg>
<kw name="Capture Page Screenshot" library="AppiumLibrary">
<doc>Takes a screenshot of the current page and embeds it into the log.</doc>
<msg timestamp="20210128 10:20:05.726" level="INFO" html="yes">&lt;/td&gt;&lt;/tr&gt;&lt;tr&gt;&lt;td colspan="3"&gt;&lt;a href="appium-screenshot-1.png"&gt;&lt;img src="appium-screenshot-1.png" width="800px"&gt;&lt;/a&gt;</msg>
<status status="PASS" starttime="20210128 10:20:03.179" endtime="20210128 10:20:05.727"></status>
</kw>
<msg timestamp="20210128 10:20:05.731" level="FAIL">WebDriverException: Message: An unknown server-side error occurred while processing the command. Original error: java.lang.IllegalStateException: Unable to evaluate expression. See cause
</msg>
<status status="FAIL" starttime="20210128 10:20:02.455" endtime="20210128 10:20:05.732"></status>
</kw>
<status status="PASS" starttime="20210128 10:20:02.454" endtime="20210128 10:20:05.732"></status>
</kw>
<kw name="Click Element" library="AppiumLibrary">
<doc>Click element identified by `locator`.</doc>
<arguments>
<arg>//*[@text='Sign In or Create an Account']</arg>
</arguments>
<msg timestamp="20210128 10:20:05.734" level="INFO">Clicking element '//*[@text='Sign In or Create an Account']'.</msg>
<status status="PASS" starttime="20210128 10:20:05.733" endtime="20210128 10:20:06.473"></status>
</kw>
<kw name="Wait Until Page Contains Element" library="AppiumLibrary">
<doc>Waits until element specified with `locator` appears on current page.</doc>
<arguments>
<arg>//*[contains(@resource-id,'sign_in_email_address_or_mobile_number')]</arg>
</arguments>
<status status="PASS" starttime="20210128 10:20:06.474" endtime="20210128 10:20:07.665"></status>
</kw>
<kw name="Click Element" library="AppiumLibrary">
<doc>Click element identified by `locator`.</doc>
<arguments>
<arg>//*[contains(@resource-id,'sign_in_email_address_or_mobile_number')]</arg>
</arguments>
<msg timestamp="20210128 10:20:07.667" level="INFO">Clicking element '//*[contains(@resource-id,'sign_in_email_address_or_mobile_number')]'.</msg>
<status status="PASS" starttime="20210128 10:20:07.666" endtime="20210128 10:20:07.816"></status>
</kw>
<kw name="Clear Text" library="AppiumLibrary">
<doc>Clears the text field identified by `locator`.</doc>
<arguments>
<arg>xpath=//*[contains(@text,'Email') or contains(@text,'gmail')]</arg>
</arguments>
<msg timestamp="20210128 10:20:07.819" level="INFO">Clear text field 'xpath=//*[contains(@text,'Email') or contains(@text,'gmail')]'</msg>
<status status="PASS" starttime="20210128 10:20:07.817" endtime="20210128 10:20:08.953"></status>
</kw>
<kw name="Input Text" library="AppiumLibrary">
<doc>Types the given `text` into text field identified by `locator`.</doc>
<arguments>
<arg>xpath=//*[contains(@text,'Email') or contains(@text,'gmail')]</arg>
<arg>valli.potlacheruvu@gmail.com</arg>
</arguments>
<msg timestamp="20210128 10:20:08.955" level="INFO">Typing text 'valli.potlacheruvu@gmail.com' into text field 'xpath=//*[contains(@text,'Email') or contains(@text,'gmail')]'</msg>
<status status="PASS" starttime="20210128 10:20:08.954" endtime="20210128 10:20:10.520"></status>
</kw>
<kw name="Click Element" library="AppiumLibrary">
<doc>Click element identified by `locator`.</doc>
<arguments>
<arg>//*[@text='Password']</arg>
</arguments>
<msg timestamp="20210128 10:20:10.523" level="INFO">Clicking element '//*[@text='Password']'.</msg>
<status status="PASS" starttime="20210128 10:20:10.521" endtime="20210128 10:20:12.045"></status>
</kw>
<kw name="Input Text" library="AppiumLibrary">
<doc>Types the given `text` into text field identified by `locator`.</doc>
<arguments>
<arg>//*[@text='Password']</arg>
<arg>V@lli2023</arg>
</arguments>
<msg timestamp="20210128 10:20:12.047" level="INFO">Typing text 'V@lli2023' into text field '//*[@text='Password']'</msg>
<status status="PASS" starttime="20210128 10:20:12.046" endtime="20210128 10:20:13.186"></status>
</kw>
<kw name="Click Element" library="AppiumLibrary">
<doc>Click element identified by `locator`.</doc>
<arguments>
<arg>//*[@text='SIGN IN']</arg>
</arguments>
<msg timestamp="20210128 10:20:13.189" level="INFO">Clicking element '//*[@text='SIGN IN']'.</msg>
<status status="PASS" starttime="20210128 10:20:13.187" endtime="20210128 10:20:13.746"></status>
</kw>
<kw name="Wait Until Page Contains Element" library="AppiumLibrary">
<doc>Waits until element specified with `locator` appears on current page.</doc>
<arguments>
<arg>//*[contains(@resource-id,'com.jcp:id/search_button')]</arg>
</arguments>
<status status="PASS" starttime="20210128 10:20:13.747" endtime="20210128 10:20:18.902"></status>
</kw>
<kw name="Click Element" library="AppiumLibrary">
<doc>Click element identified by `locator`.</doc>
<arguments>
<arg>//*[contains(@resource-id,'com.jcp:id/search_button')]</arg>
</arguments>
<msg timestamp="20210128 10:20:18.905" level="INFO">Clicking element '//*[contains(@resource-id,'com.jcp:id/search_button')]'.</msg>
<status status="PASS" starttime="20210128 10:20:18.903" endtime="20210128 10:20:20.165"></status>
</kw>
<kw name="Sleep" library="BuiltIn">
<doc>Pauses the test executed for the given time.</doc>
<arguments>
<arg>2s</arg>
</arguments>
<msg timestamp="20210128 10:20:22.167" level="INFO">Slept 2 seconds</msg>
<status status="PASS" starttime="20210128 10:20:20.165" endtime="20210128 10:20:22.169"></status>
</kw>
<kw name="Input Text" library="AppiumLibrary">
<doc>Types the given `text` into text field identified by `locator`.</doc>
<arguments>
<arg>//*[@resource-id='com.jcp:id/search_src_text']</arg>
<arg>baby</arg>
</arguments>
<msg timestamp="20210128 10:20:22.173" level="INFO">Typing text 'baby' into text field '//*[@resource-id='com.jcp:id/search_src_text']'</msg>
<status status="PASS" starttime="20210128 10:20:22.169" endtime="20210128 10:20:22.660"></status>
</kw>
<kw name="Is Keyboard Shown" library="AppiumLibrary">
<doc>Return true if Android keyboard is displayed or False if not displayed
No parameters are used.</doc>
<assign>
<var>${bool}</var>
</assign>
<msg timestamp="20210128 10:20:23.055" level="INFO">${bool} = True</msg>
<status status="PASS" starttime="20210128 10:20:22.661" endtime="20210128 10:20:23.056"></status>
</kw>
<kw name="Run Keyword If" library="BuiltIn">
<doc>Runs the given keyword with the given arguments, if ``condition`` is true.</doc>
<arguments>
<arg>'${bool}'=='True'</arg>
<arg>Hide Keyboard</arg>
</arguments>
<kw name="Hide Keyboard" library="AppiumLibrary">
<doc>Hides the software keyboard on the device. (optional) In iOS, use `key_name` to press
a particular key, ex. `Done`. In Android, no parameters are used.</doc>
<status status="PASS" starttime="20210128 10:20:23.057" endtime="20210128 10:20:25.670"></status>
</kw>
<status status="PASS" starttime="20210128 10:20:23.056" endtime="20210128 10:20:25.671"></status>
</kw>
<kw name="Wait Until Page Contains" library="AppiumLibrary">
<doc>Waits until `text` appears on current page.</doc>
<arguments>
<arg>Infant Baby Boy Clothes</arg>
</arguments>
<status status="PASS" starttime="20210128 10:20:25.671" endtime="20210128 10:20:26.551"></status>
</kw>
<kw name="Click Element" library="AppiumLibrary">
<doc>Click element identified by `locator`.</doc>
<arguments>
<arg>//*[contains(@text,'Infant Baby Boy Clothes')]</arg>
</arguments>
<msg timestamp="20210128 10:20:26.553" level="INFO">Clicking element '//*[contains(@text,'Infant Baby Boy Clothes')]'.</msg>
<status status="PASS" starttime="20210128 10:20:26.552" endtime="20210128 10:20:27.423"></status>
</kw>
<kw name="Wait Until Page Contains Element" library="AppiumLibrary">
<doc>Waits until element specified with `locator` appears on current page.</doc>
<arguments>
<arg>//*[contains(@text,'Baby Boys Pant Set')]</arg>
</arguments>
<status status="PASS" starttime="20210128 10:20:27.424" endtime="20210128 10:20:32.140"></status>
</kw>
<kw name="Tap" library="AppiumLibrary">
<doc>Tap element identified by ``locator``.</doc>
<arguments>
<arg>//*[contains(@text,'Baby Boys Pant Set')]</arg>
</arguments>
<status status="PASS" starttime="20210128 10:20:32.140" endtime="20210128 10:20:32.795"></status>
</kw>
<kw name="Sleep" library="BuiltIn">
<doc>Pauses the test executed for the given time.</doc>
<arguments>
<arg>5s</arg>
</arguments>
<msg timestamp="20210128 10:20:37.797" level="INFO">Slept 5 seconds</msg>
<status status="PASS" starttime="20210128 10:20:32.796" endtime="20210128 10:20:37.797"></status>
</kw>
<kw name="Click Element" library="AppiumLibrary">
<doc>Click element identified by `locator`.</doc>
<arguments>
<arg>//*[@text='3 months']</arg>
</arguments>
<msg timestamp="20210128 10:20:37.800" level="INFO">Clicking element '//*[@text='3 months']'.</msg>
<status status="PASS" starttime="20210128 10:20:37.798" endtime="20210128 10:20:38.797"></status>
</kw>
<kw name="Click Element" library="AppiumLibrary">
<doc>Click element identified by `locator`.</doc>
<arguments>
<arg>//*[@text='ADD TO CART']</arg>
</arguments>
<msg timestamp="20210128 10:20:38.799" level="INFO">Clicking element '//*[@text='ADD TO CART']'.</msg>
<status status="PASS" starttime="20210128 10:20:38.798" endtime="20210128 10:20:40.245"></status>
</kw>
<kw name="Sleep" library="BuiltIn">
<doc>Pauses the test executed for the given time.</doc>
<arguments>
<arg>5s</arg>
</arguments>
<msg timestamp="20210128 10:20:45.248" level="INFO">Slept 5 seconds</msg>
<status status="PASS" starttime="20210128 10:20:40.246" endtime="20210128 10:20:45.248"></status>
</kw>
<kw name="Click Element" library="AppiumLibrary">
<doc>Click element identified by `locator`.</doc>
<arguments>
<arg>//*[@resource-id='com.jcp:id/cart_icon']</arg>
</arguments>
<msg timestamp="20210128 10:20:45.251" level="INFO">Clicking element '//*[@resource-id='com.jcp:id/cart_icon']'.</msg>
<status status="PASS" starttime="20210128 10:20:45.249" endtime="20210128 10:20:45.893"></status>
</kw>
<kw name="Wait Until Page Contains Element" library="AppiumLibrary">
<doc>Waits until element specified with `locator` appears on current page.</doc>
<arguments>
<arg>//*[@resource-id='com.jcp:id/product_description']</arg>
</arguments>
<status status="PASS" starttime="20210128 10:20:45.893" endtime="20210128 10:20:48.510"></status>
</kw>
<kw name="Get Text" library="AppiumLibrary">
<doc>Get element text (for hybrid and mobile browser use `xpath` locator, others might cause problem)</doc>
<arguments>
<arg>//*[@resource-id='com.jcp:id/product_description']</arg>
</arguments>
<assign>
<var>${product_name}</var>
</assign>
<msg timestamp="20210128 10:20:49.759" level="INFO">Element '//*[@resource-id='com.jcp:id/product_description']' text is 'Carter's Baby Boys Pant Set' </msg>
<msg timestamp="20210128 10:20:49.759" level="INFO">${product_name} = Carter's Baby Boys Pant Set</msg>
<status status="PASS" starttime="20210128 10:20:48.510" endtime="20210128 10:20:49.760"></status>
</kw>
<kw name="Log To Console" library="BuiltIn">
<doc>Logs the given message to the console.</doc>
<arguments>
<arg>${product_name}</arg>
</arguments>
<status status="PASS" starttime="20210128 10:20:49.760" endtime="20210128 10:20:49.761"></status>
</kw>
<kw name="Get Text" library="AppiumLibrary">
<doc>Get element text (for hybrid and mobile browser use `xpath` locator, others might cause problem)</doc>
<arguments>
<arg>//*[@resource-id='com.jcp:id/total_price']</arg>
</arguments>
<assign>
<var>${Total_price}</var>
</assign>
<msg timestamp="20210128 10:20:50.924" level="INFO">Element '//*[@resource-id='com.jcp:id/total_price']' text is 'total $48.00' </msg>
<msg timestamp="20210128 10:20:50.924" level="INFO">${Total_price} = total $48.00</msg>
<status status="PASS" starttime="20210128 10:20:49.761" endtime="20210128 10:20:50.924"></status>
</kw>
<kw name="Log To Console" library="BuiltIn">
<doc>Logs the given message to the console.</doc>
<arguments>
<arg>${Total_price}</arg>
</arguments>
<status status="PASS" starttime="20210128 10:20:50.925" endtime="20210128 10:20:50.926"></status>
</kw>
<kw name="Click Element" library="AppiumLibrary">
<doc>Click element identified by `locator`.</doc>
<arguments>
<arg>//*[contains(@text,'Valli')]</arg>
</arguments>
<msg timestamp="20210128 10:20:50.928" level="INFO">Clicking element '//*[contains(@text,'Valli')]'.</msg>
<status status="PASS" starttime="20210128 10:20:50.926" endtime="20210128 10:20:51.526"></status>
</kw>
<kw name="Click Element" library="AppiumLibrary">
<doc>Click element identified by `locator`.</doc>
<arguments>
<arg>//*[@resource-id='com.jcp:id/my_account_sign_out']</arg>
</arguments>
<msg timestamp="20210128 10:20:51.528" level="INFO">Clicking element '//*[@resource-id='com.jcp:id/my_account_sign_out']'.</msg>
<status status="PASS" starttime="20210128 10:20:51.526" endtime="20210128 10:20:53.296"></status>
</kw>
<status status="PASS" starttime="20210128 10:19:30.342" endtime="20210128 10:20:53.296" critical="yes"></status>
</test>
<status status="PASS" starttime="20210128 10:19:30.092" endtime="20210128 10:20:53.297"></status>
</suite>
<status status="PASS" starttime="20210128 10:19:30.088" endtime="20210128 10:20:53.300"></status>
</suite>
<status status="PASS" starttime="20210128 10:19:30.054" endtime="20210128 10:20:53.309"></status>
</suite>
<statistics>
<total>
<stat pass="1" fail="0">Critical Tests</stat>
<stat pass="1" fail="0">All Tests</stat>
</total>
<tag>
</tag>
<suite>
<stat pass="1" fail="0" id="s1" name="JCPenney">JCPenney</stat>
<stat pass="1" fail="0" id="s1-s1" name="Appium Suite">JCPenney.Appium Suite</stat>
<stat pass="1" fail="0" id="s1-s1-s1" name="Verify">JCPenney.Appium Suite.Verify</stat>
</suite>
</statistics>
<errors>
</errors>
</robot>
