<?xml version="1.0" encoding="UTF-8"?>
<robot generator="Robot 3.2.2 (Python 3.9.1 on win32)" generated="20210130 16:26:43.344" rpa="false">
<suite id="s1" name="JCPenney" source="C:\robotics\robot_workspace\JCPenney">
<suite id="s1-s1" name="Appium Suite" source="C:\robotics\robot_workspace\JCPenney\appium_suite">
<suite id="s1-s1-s1" name="Verify JCPenny" source="C:\robotics\robot_workspace\JCPenney\appium_suite\Verify_JCPenny.robot">
<test id="s1-s1-s1-t1" name="TC1_ValidCredential">
<kw name="Open Application" library="AppiumLibrary">
<doc>Opens a new application to given Appium server.
Capabilities of appium server, Android and iOS,
Please check https://github.com/appium/appium/blob/master/docs/en/writing-running-appium/server-args.md
| *Option*            | *Man.* | *Description*     |
| remote_url          | Yes    | Appium server url |
| alias               | no     | alias             |</doc>
<arguments>
<arg>http://localhost:4723/wd/hub</arg>
<arg>platformName=android</arg>
<arg>deviceName=samsung</arg>
<arg>appPackage=com.jcp</arg>
<arg>appActivity=com.jcpenney.activities.StartupActivity</arg>
<arg>noReset=True</arg>
</arguments>
<status status="PASS" starttime="20210130 16:26:43.763" endtime="20210130 16:27:01.442"></status>
</kw>
<kw name="Set Appium Timeout" library="AppiumLibrary">
<doc>Sets the timeout in seconds used by various keywords.</doc>
<arguments>
<arg>30s</arg>
</arguments>
<status status="PASS" starttime="20210130 16:27:01.443" endtime="20210130 16:27:01.444"></status>
</kw>
<kw name="Wait Until Page Contains" library="AppiumLibrary">
<doc>Waits until `text` appears on current page.</doc>
<arguments>
<arg>Sign In</arg>
</arguments>
<status status="PASS" starttime="20210130 16:27:01.444" endtime="20210130 16:27:23.025"></status>
</kw>
<kw name="Run Keyword And Ignore Error" library="BuiltIn">
<doc>Runs the given keyword with the given arguments and ignores possible error.</doc>
<arguments>
<arg>Click Element</arg>
<arg>//*[contains(@text='Allow all the time')]</arg>
</arguments>
<kw name="Click Element" library="AppiumLibrary">
<doc>Click element identified by `locator`.</doc>
<arguments>
<arg>//*[contains(@text='Allow all the time')]</arg>
</arguments>
<msg timestamp="20210130 16:27:23.028" level="INFO">Clicking element '//*[contains(@text='Allow all the time')]'.</msg>
<kw name="Capture Page Screenshot" library="AppiumLibrary">
<doc>Takes a screenshot of the current page and embeds it into the log.</doc>
<msg timestamp="20210130 16:27:25.253" level="INFO" html="yes">&lt;/td&gt;&lt;/tr&gt;&lt;tr&gt;&lt;td colspan="3"&gt;&lt;a href="appium-screenshot-1.png"&gt;&lt;img src="appium-screenshot-1.png" width="800px"&gt;&lt;/a&gt;</msg>
<status status="PASS" starttime="20210130 16:27:23.457" endtime="20210130 16:27:25.253"></status>
</kw>
<msg timestamp="20210130 16:27:25.258" level="FAIL">WebDriverException: Message: An unknown server-side error occurred while processing the command. Original error: java.lang.IllegalStateException: Unable to evaluate expression. See cause
</msg>
<status status="FAIL" starttime="20210130 16:27:23.026" endtime="20210130 16:27:25.259"></status>
</kw>
<status status="PASS" starttime="20210130 16:27:23.025" endtime="20210130 16:27:25.259"></status>
</kw>
<kw name="Click Element" library="AppiumLibrary">
<doc>Click element identified by `locator`.</doc>
<arguments>
<arg>//*[@text='Sign In or Create an Account']</arg>
</arguments>
<msg timestamp="20210130 16:27:25.262" level="INFO">Clicking element '//*[@text='Sign In or Create an Account']'.</msg>
<status status="PASS" starttime="20210130 16:27:25.260" endtime="20210130 16:27:27.193"></status>
</kw>
<kw name="Wait Until Page Contains Element" library="AppiumLibrary">
<doc>Waits until element specified with `locator` appears on current page.</doc>
<arguments>
<arg>//*[contains(@resource-id,'sign_in_email_address_or_mobile_number')]</arg>
</arguments>
<status status="PASS" starttime="20210130 16:27:27.194" endtime="20210130 16:27:27.253"></status>
</kw>
<kw name="Click Element" library="AppiumLibrary">
<doc>Click element identified by `locator`.</doc>
<arguments>
<arg>//*[contains(@resource-id,'sign_in_email_address_or_mobile_number')]</arg>
</arguments>
<msg timestamp="20210130 16:27:27.255" level="INFO">Clicking element '//*[contains(@resource-id,'sign_in_email_address_or_mobile_number')]'.</msg>
<status status="PASS" starttime="20210130 16:27:27.254" endtime="20210130 16:27:27.413"></status>
</kw>
<kw name="Clear Text" library="AppiumLibrary">
<doc>Clears the text field identified by `locator`.</doc>
<arguments>
<arg>xpath=//*[contains(@text,'Email') or contains(@text,'gmail')]</arg>
</arguments>
<msg timestamp="20210130 16:27:27.416" level="INFO">Clear text field 'xpath=//*[contains(@text,'Email') or contains(@text,'gmail')]'</msg>
<status status="PASS" starttime="20210130 16:27:27.414" endtime="20210130 16:27:28.640"></status>
</kw>
<kw name="Input Text" library="AppiumLibrary">
<doc>Types the given `text` into text field identified by `locator`.</doc>
<arguments>
<arg>xpath=//*[contains(@text,'Email') or contains(@text,'gmail')]</arg>
<arg>valli.potlacheruvu@gmail.com</arg>
</arguments>
<msg timestamp="20210130 16:27:28.642" level="INFO">Typing text 'valli.potlacheruvu@gmail.com' into text field 'xpath=//*[contains(@text,'Email') or contains(@text,'gmail')]'</msg>
<status status="PASS" starttime="20210130 16:27:28.640" endtime="20210130 16:27:30.261"></status>
</kw>
<kw name="Click Element" library="AppiumLibrary">
<doc>Click element identified by `locator`.</doc>
<arguments>
<arg>//*[@text='Password']</arg>
</arguments>
<msg timestamp="20210130 16:27:30.264" level="INFO">Clicking element '//*[@text='Password']'.</msg>
<status status="PASS" starttime="20210130 16:27:30.262" endtime="20210130 16:27:31.143"></status>
</kw>
<kw name="Input Text" library="AppiumLibrary">
<doc>Types the given `text` into text field identified by `locator`.</doc>
<arguments>
<arg>//*[@text='Password']</arg>
<arg>V@lli2023</arg>
</arguments>
<msg timestamp="20210130 16:27:31.145" level="INFO">Typing text 'V@lli2023' into text field '//*[@text='Password']'</msg>
<status status="PASS" starttime="20210130 16:27:31.143" endtime="20210130 16:27:32.673"></status>
</kw>
<kw name="Click Element" library="AppiumLibrary">
<doc>Click element identified by `locator`.</doc>
<arguments>
<arg>//*[@text='SIGN IN']</arg>
</arguments>
<msg timestamp="20210130 16:27:32.675" level="INFO">Clicking element '//*[@text='SIGN IN']'.</msg>
<status status="PASS" starttime="20210130 16:27:32.673" endtime="20210130 16:27:33.475"></status>
</kw>
<kw name="Wait Until Page Contains Element" library="AppiumLibrary">
<doc>Waits until element specified with `locator` appears on current page.</doc>
<arguments>
<arg>//*[contains(@resource-id,'com.jcp:id/search_button')]</arg>
</arguments>
<status status="PASS" starttime="20210130 16:27:33.476" endtime="20210130 16:27:39.074"></status>
</kw>
<kw name="Click Element" library="AppiumLibrary">
<doc>Click element identified by `locator`.</doc>
<arguments>
<arg>//*[contains(@resource-id,'com.jcp:id/search_button')]</arg>
</arguments>
<msg timestamp="20210130 16:27:39.076" level="INFO">Clicking element '//*[contains(@resource-id,'com.jcp:id/search_button')]'.</msg>
<status status="PASS" starttime="20210130 16:27:39.075" endtime="20210130 16:27:39.521"></status>
</kw>
<kw name="Sleep" library="BuiltIn">
<doc>Pauses the test executed for the given time.</doc>
<arguments>
<arg>2s</arg>
</arguments>
<msg timestamp="20210130 16:27:41.523" level="INFO">Slept 2 seconds</msg>
<status status="PASS" starttime="20210130 16:27:39.521" endtime="20210130 16:27:41.523"></status>
</kw>
<kw name="Input Text" library="AppiumLibrary">
<doc>Types the given `text` into text field identified by `locator`.</doc>
<arguments>
<arg>//*[@resource-id='com.jcp:id/search_src_text']</arg>
<arg>baby</arg>
</arguments>
<msg timestamp="20210130 16:27:41.526" level="INFO">Typing text 'baby' into text field '//*[@resource-id='com.jcp:id/search_src_text']'</msg>
<status status="PASS" starttime="20210130 16:27:41.524" endtime="20210130 16:27:42.046"></status>
</kw>
<kw name="Is Keyboard Shown" library="AppiumLibrary">
<doc>Return true if Android keyboard is displayed or False if not displayed
No parameters are used.</doc>
<assign>
<var>${bool}</var>
</assign>
<msg timestamp="20210130 16:27:42.555" level="INFO">${bool} = True</msg>
<status status="PASS" starttime="20210130 16:27:42.046" endtime="20210130 16:27:42.555"></status>
</kw>
<kw name="Run Keyword If" library="BuiltIn">
<doc>Runs the given keyword with the given arguments, if ``condition`` is true.</doc>
<arguments>
<arg>'${bool}'=='True'</arg>
<arg>Hide Keyboard</arg>
</arguments>
<kw name="Hide Keyboard" library="AppiumLibrary">
<doc>Hides the software keyboard on the device. (optional) In iOS, use `key_name` to press
a particular key, ex. `Done`. In Android, no parameters are used.</doc>
<status status="PASS" starttime="20210130 16:27:42.556" endtime="20210130 16:27:44.958"></status>
</kw>
<status status="PASS" starttime="20210130 16:27:42.556" endtime="20210130 16:27:44.958"></status>
</kw>
<kw name="Wait Until Page Contains" library="AppiumLibrary">
<doc>Waits until `text` appears on current page.</doc>
<arguments>
<arg>Infant Baby Boy Clothes</arg>
</arguments>
<status status="PASS" starttime="20210130 16:27:44.959" endtime="20210130 16:27:45.931"></status>
</kw>
<kw name="Click Element" library="AppiumLibrary">
<doc>Click element identified by `locator`.</doc>
<arguments>
<arg>//*[contains(@text,'Infant Baby Boy Clothes')]</arg>
</arguments>
<msg timestamp="20210130 16:27:45.933" level="INFO">Clicking element '//*[contains(@text,'Infant Baby Boy Clothes')]'.</msg>
<status status="PASS" starttime="20210130 16:27:45.932" endtime="20210130 16:27:46.862"></status>
</kw>
<kw name="Wait Until Page Contains Element" library="AppiumLibrary">
<doc>Waits until element specified with `locator` appears on current page.</doc>
<arguments>
<arg>//*[contains(@text,'Baby Boys Pant Set')]</arg>
</arguments>
<status status="PASS" starttime="20210130 16:27:46.862" endtime="20210130 16:28:01.505"></status>
</kw>
<kw name="Tap" library="AppiumLibrary">
<doc>Tap element identified by ``locator``.</doc>
<arguments>
<arg>//*[contains(@text,'Baby Boys Pant Set')]</arg>
</arguments>
<status status="PASS" starttime="20210130 16:28:01.506" endtime="20210130 16:28:02.519"></status>
</kw>
<kw name="Sleep" library="BuiltIn">
<doc>Pauses the test executed for the given time.</doc>
<arguments>
<arg>5s</arg>
</arguments>
<msg timestamp="20210130 16:28:07.521" level="INFO">Slept 5 seconds</msg>
<status status="PASS" starttime="20210130 16:28:02.520" endtime="20210130 16:28:07.521"></status>
</kw>
<kw name="Click Element" library="AppiumLibrary">
<doc>Click element identified by `locator`.</doc>
<arguments>
<arg>//*[@text='3 months']</arg>
</arguments>
<msg timestamp="20210130 16:28:07.525" level="INFO">Clicking element '//*[@text='3 months']'.</msg>
<status status="PASS" starttime="20210130 16:28:07.522" endtime="20210130 16:28:08.001"></status>
</kw>
<kw name="Click Element" library="AppiumLibrary">
<doc>Click element identified by `locator`.</doc>
<arguments>
<arg>//*[@text='ADD TO CART']</arg>
</arguments>
<msg timestamp="20210130 16:28:08.003" level="INFO">Clicking element '//*[@text='ADD TO CART']'.</msg>
<status status="PASS" starttime="20210130 16:28:08.002" endtime="20210130 16:28:10.582"></status>
</kw>
<kw name="Sleep" library="BuiltIn">
<doc>Pauses the test executed for the given time.</doc>
<arguments>
<arg>5s</arg>
</arguments>
<msg timestamp="20210130 16:28:15.584" level="INFO">Slept 5 seconds</msg>
<status status="PASS" starttime="20210130 16:28:10.583" endtime="20210130 16:28:15.584"></status>
</kw>
<kw name="Click Element" library="AppiumLibrary">
<doc>Click element identified by `locator`.</doc>
<arguments>
<arg>//*[@resource-id='com.jcp:id/cart_icon']</arg>
</arguments>
<msg timestamp="20210130 16:28:15.587" level="INFO">Clicking element '//*[@resource-id='com.jcp:id/cart_icon']'.</msg>
<status status="PASS" starttime="20210130 16:28:15.585" endtime="20210130 16:28:16.240"></status>
</kw>
<kw name="Wait Until Page Contains Element" library="AppiumLibrary">
<doc>Waits until element specified with `locator` appears on current page.</doc>
<arguments>
<arg>//*[@resource-id='com.jcp:id/product_description']</arg>
</arguments>
<status status="PASS" starttime="20210130 16:28:16.240" endtime="20210130 16:28:18.945"></status>
</kw>
<kw name="Get Text" library="AppiumLibrary">
<doc>Get element text (for hybrid and mobile browser use `xpath` locator, others might cause problem)</doc>
<arguments>
<arg>//*[@resource-id='com.jcp:id/product_description']</arg>
</arguments>
<assign>
<var>${product_name}</var>
</assign>
<msg timestamp="20210130 16:28:19.717" level="INFO">Element '//*[@resource-id='com.jcp:id/product_description']' text is 'Carter's Baby Boys Pant Set' </msg>
<msg timestamp="20210130 16:28:19.718" level="INFO">${product_name} = Carter's Baby Boys Pant Set</msg>
<status status="PASS" starttime="20210130 16:28:18.946" endtime="20210130 16:28:19.718"></status>
</kw>
<kw name="Log To Console" library="BuiltIn">
<doc>Logs the given message to the console.</doc>
<arguments>
<arg>${product_name}</arg>
</arguments>
<status status="PASS" starttime="20210130 16:28:19.718" endtime="20210130 16:28:19.719"></status>
</kw>
<kw name="Get Text" library="AppiumLibrary">
<doc>Get element text (for hybrid and mobile browser use `xpath` locator, others might cause problem)</doc>
<arguments>
<arg>//*[@resource-id='com.jcp:id/total_price']</arg>
</arguments>
<assign>
<var>${Total_price}</var>
</assign>
<msg timestamp="20210130 16:28:19.958" level="INFO">Element '//*[@resource-id='com.jcp:id/total_price']' text is 'total $72.00' </msg>
<msg timestamp="20210130 16:28:19.959" level="INFO">${Total_price} = total $72.00</msg>
<status status="PASS" starttime="20210130 16:28:19.719" endtime="20210130 16:28:19.959"></status>
</kw>
<kw name="Log To Console" library="BuiltIn">
<doc>Logs the given message to the console.</doc>
<arguments>
<arg>${Total_price}</arg>
</arguments>
<status status="PASS" starttime="20210130 16:28:19.959" endtime="20210130 16:28:19.960"></status>
</kw>
<kw name="Click Element" library="AppiumLibrary">
<doc>Click element identified by `locator`.</doc>
<arguments>
<arg>//*[contains(@text,'Valli')]</arg>
</arguments>
<msg timestamp="20210130 16:28:19.961" level="INFO">Clicking element '//*[contains(@text,'Valli')]'.</msg>
<status status="PASS" starttime="20210130 16:28:19.960" endtime="20210130 16:28:20.261"></status>
</kw>
<kw name="Click Element" library="AppiumLibrary">
<doc>Click element identified by `locator`.</doc>
<arguments>
<arg>//*[@resource-id='com.jcp:id/my_account_sign_out']</arg>
</arguments>
<msg timestamp="20210130 16:28:20.263" level="INFO">Clicking element '//*[@resource-id='com.jcp:id/my_account_sign_out']'.</msg>
<kw name="Capture Page Screenshot" library="AppiumLibrary">
<doc>Takes a screenshot of the current page and embeds it into the log.</doc>
<msg timestamp="20210130 16:28:21.699" level="INFO" html="yes">&lt;/td&gt;&lt;/tr&gt;&lt;tr&gt;&lt;td colspan="3"&gt;&lt;a href="appium-screenshot-2.png"&gt;&lt;img src="appium-screenshot-2.png" width="800px"&gt;&lt;/a&gt;</msg>
<status status="PASS" starttime="20210130 16:28:20.812" endtime="20210130 16:28:21.700"></status>
</kw>
<msg timestamp="20210130 16:28:21.701" level="FAIL">ValueError: Element locator '//*[@resource-id='com.jcp:id/my_account_sign_out']' did not match any elements.</msg>
<status status="FAIL" starttime="20210130 16:28:20.262" endtime="20210130 16:28:21.701"></status>
</kw>
<status status="FAIL" starttime="20210130 16:26:43.761" endtime="20210130 16:28:21.702" critical="yes">ValueError: Element locator '//*[@resource-id='com.jcp:id/my_account_sign_out']' did not match any elements.</status>
</test>
<status status="FAIL" starttime="20210130 16:26:43.474" endtime="20210130 16:28:21.703"></status>
</suite>
<status status="FAIL" starttime="20210130 16:26:43.470" endtime="20210130 16:28:21.706"></status>
</suite>
<status status="FAIL" starttime="20210130 16:26:43.434" endtime="20210130 16:28:21.709"></status>
</suite>
<statistics>
<total>
<stat pass="0" fail="1">Critical Tests</stat>
<stat pass="0" fail="1">All Tests</stat>
</total>
<tag>
</tag>
<suite>
<stat pass="0" fail="1" id="s1" name="JCPenney">JCPenney</stat>
<stat pass="0" fail="1" id="s1-s1" name="Appium Suite">JCPenney.Appium Suite</stat>
<stat pass="0" fail="1" id="s1-s1-s1" name="Verify JCPenny">JCPenney.Appium Suite.Verify JCPenny</stat>
</suite>
</statistics>
<errors>
</errors>
</robot>
